<?xml version="1.0" encoding="UTF-8"?>
<testng-results skipped="0" failed="0" total="1" passed="1">
  <reporter-output>
  </reporter-output>
  <suite name="com.ontestautomation.graphwalker.tests.EuroPythonLoginTest" duration-ms="20052" started-at="2016-07-12T19:29:02Z" finished-at="2016-07-12T19:29:22Z">
    <groups>
    </groups>
    <test name="Command line test" duration-ms="20052" started-at="2016-07-12T19:29:02Z" finished-at="2016-07-12T19:29:22Z">
      <class name="com.ontestautomation.graphwalker.tests.EuroPythonLoginTest">
        <test-method status="PASS" signature="fullCoverageTest()[pri:0, instance:com.ontestautomation.graphwalker.tests.EuroPythonLoginTest@6e9175d8]" name="fullCoverageTest" duration-ms="20039" started-at="2016-07-12T20:29:02Z" finished-at="2016-07-12T20:29:22Z">
          <reporter-output>
          </reporter-output>
        </test-method> <!-- fullCoverageTest -->
      </class> <!-- com.ontestautomation.graphwalker.tests.EuroPythonLoginTest -->
    </test> <!-- Command line test -->
  </suite> <!-- com.ontestautomation.graphwalker.tests.EuroPythonLoginTest -->
</testng-results>
